
> nextn@0.1.0 typecheck
> tsc --noEmit

src/app/admin/printouts/page.tsx(482,23): error TS2322: Type 'number[]' is not assignable to type 'Color | undefined'.
  Type 'number[]' is not assignable to type '[number, number, number]'.
    Target requires 3 element(s) but source may have fewer.
src/app/admin/programs/page.tsx(144,59): error TS2339: Property 'name' does not exist on type '{ id: string; }'.
src/app/admin/programs/page.tsx(159,56): error TS7006: Parameter 'judgeId' implicitly has an 'any' type.
src/app/admin/stage-central/page.tsx(392,77): error TS2345: Argument of type '{ programs: { status: { key: string; text: string; className: string; }; type: "group" | "individual"; name: string; mode: "on-stage" | "off-stage"; categoryId: string; markType: "normal" | "special-mark"; ... 8 more ...; isPublished?: boolean; }[]; ... 4 more ...; programIds?: string[]; }' is not assignable to parameter of type 'Stage'.
  Type '{ programs: { status: { key: string; text: string; className: string; }; type: "group" | "individual"; name: string; mode: "on-stage" | "off-stage"; categoryId: string; markType: "normal" | "special-mark"; ... 8 more ...; isPublished?: boolean; }[]; ... 4 more ...; programIds?: string[]; }' is not assignable to type '{ id: string; controllerName?: string | undefined; programIds?: string[] | undefined; programs?: ProgramWithStatus[] | undefined; }'.
    Types of property 'programs' are incompatible.
      Type '{ status: { key: string; text: string; className: string; }; type: "group" | "individual"; name: string; mode: "on-stage" | "off-stage"; categoryId: string; markType: "normal" | "special-mark"; ... 8 more ...; isPublished?: boolean | undefined; }[]' is not assignable to type 'ProgramWithStatus[]'.
        Type '{ status: { key: string; text: string; className: string; }; type: "group" | "individual"; name: string; mode: "on-stage" | "off-stage"; categoryId: string; markType: "normal" | "special-mark"; ... 8 more ...; isPublished?: boolean; }' is not assignable to type 'ProgramWithStatus'.
          Type '{ status: { key: string; text: string; className: string; }; type: "group" | "individual"; name: string; mode: "on-stage" | "off-stage"; categoryId: string; markType: "normal" | "special-mark"; ... 8 more ...; isPublished?: boolean; }' is not assignable to type '{ status: { key: "not_started" | "completed" | "ready" | "reporting" | "judging"; text: string; className: string; }; }'.
            The types of 'status.key' are incompatible between these types.
              Type 'string' is not assignable to type '"not_started" | "completed" | "ready" | "reporting" | "judging"'.
src/app/admin/stage-central/page.tsx(393,83): error TS2345: Argument of type '{ programs: { status: { key: string; text: string; className: string; }; type: "group" | "individual"; name: string; mode: "on-stage" | "off-stage"; categoryId: string; markType: "normal" | "special-mark"; ... 8 more ...; isPublished?: boolean; }[]; ... 4 more ...; programIds?: string[]; }' is not assignable to parameter of type 'Stage'.
  Type '{ programs: { status: { key: string; text: string; className: string; }; type: "group" | "individual"; name: string; mode: "on-stage" | "off-stage"; categoryId: string; markType: "normal" | "special-mark"; ... 8 more ...; isPublished?: boolean; }[]; ... 4 more ...; programIds?: string[]; }' is not assignable to type '{ id: string; controllerName?: string | undefined; programIds?: string[] | undefined; programs?: ProgramWithStatus[] | undefined; }'.
    Types of property 'programs' are incompatible.
      Type '{ status: { key: string; text: string; className: string; }; type: "group" | "individual"; name: string; mode: "on-stage" | "off-stage"; categoryId: string; markType: "normal" | "special-mark"; ... 8 more ...; isPublished?: boolean | undefined; }[]' is not assignable to type 'ProgramWithStatus[]'.
        Type '{ status: { key: string; text: string; className: string; }; type: "group" | "individual"; name: string; mode: "on-stage" | "off-stage"; categoryId: string; markType: "normal" | "special-mark"; ... 8 more ...; isPublished?: boolean; }' is not assignable to type 'ProgramWithStatus'.
          Type '{ status: { key: string; text: string; className: string; }; type: "group" | "individual"; name: string; mode: "on-stage" | "off-stage"; categoryId: string; markType: "normal" | "special-mark"; ... 8 more ...; isPublished?: boolean; }' is not assignable to type '{ status: { key: "not_started" | "completed" | "ready" | "reporting" | "judging"; text: string; className: string; }; }'.
            The types of 'status.key' are incompatible between these types.
              Type 'string' is not assignable to type '"not_started" | "completed" | "ready" | "reporting" | "judging"'.
src/app/admin/stage-central/page.tsx(425,82): error TS2345: Argument of type '{ programs: { status: { key: string; text: string; className: string; }; type: "group" | "individual"; name: string; mode: "on-stage" | "off-stage"; categoryId: string; markType: "normal" | "special-mark"; ... 8 more ...; isPublished?: boolean; }[]; ... 4 more ...; programIds?: string[]; }' is not assignable to parameter of type 'Stage'.
  Type '{ programs: { status: { key: string; text: string; className: string; }; type: "group" | "individual"; name: string; mode: "on-stage" | "off-stage"; categoryId: string; markType: "normal" | "special-mark"; ... 8 more ...; isPublished?: boolean; }[]; ... 4 more ...; programIds?: string[]; }' is not assignable to type '{ id: string; controllerName?: string | undefined; programIds?: string[] | undefined; programs?: ProgramWithStatus[] | undefined; }'.
    Types of property 'programs' are incompatible.
      Type '{ status: { key: string; text: string; className: string; }; type: "group" | "individual"; name: string; mode: "on-stage" | "off-stage"; categoryId: string; markType: "normal" | "special-mark"; ... 8 more ...; isPublished?: boolean | undefined; }[]' is not assignable to type 'ProgramWithStatus[]'.
        Type '{ status: { key: string; text: string; className: string; }; type: "group" | "individual"; name: string; mode: "on-stage" | "off-stage"; categoryId: string; markType: "normal" | "special-mark"; ... 8 more ...; isPublished?: boolean; }' is not assignable to type 'ProgramWithStatus'.
          Type '{ status: { key: string; text: string; className: string; }; type: "group" | "individual"; name: string; mode: "on-stage" | "off-stage"; categoryId: string; markType: "normal" | "special-mark"; ... 8 more ...; isPublished?: boolean; }' is not assignable to type '{ status: { key: "not_started" | "completed" | "ready" | "reporting" | "judging"; text: string; className: string; }; }'.
            The types of 'status.key' are incompatible between these types.
              Type 'string' is not assignable to type '"not_started" | "completed" | "ready" | "reporting" | "judging"'.
src/app/judges/judging-point/[programId]/page.tsx(166,55): error TS2339: Property 'score' does not exist on type '{ id: string; }'.
src/app/judges/judging-point/[programId]/page.tsx(167,56): error TS2339: Property 'review' does not exist on type '{ id: string; }'.
src/app/teams/assign-students/page.tsx(80,21): error TS2345: Argument of type '{ allowTeamAssignment: true; }' is not assignable to parameter of type 'SetStateAction<AppSettings | null>'.
  Property 'festName' is missing in type '{ allowTeamAssignment: true; }' but required in type 'AppSettings'.
src/app/teams/reports/page.tsx(166,29): error TS2677: A type predicate's type must be assignable to its parameter's type.
  Type 'Participant' is not assignable to type '({ name: string; categoryId: string; } & { id: string; chestNumber: number; teamId: string; teamName: string; mark: number; } & { categoryName: string; }) | undefined'.
    Type 'Participant' is not assignable to type '{ name: string; categoryId: string; } & { id: string; chestNumber: number; teamId: string; teamName: string; mark: number; } & { categoryName: string; }'.
      Property 'categoryName' is missing in type 'Participant' but required in type '{ categoryName: string; }'.
src/app/teams/reports/page.tsx(216,21): error TS2322: Type '{ content: string; colSpan: number; styles: { fontStyle: string; fillColor: number[]; textColor: number[]; }; }[][]' is not assignable to type 'RowInput[]'.
  Type '{ content: string; colSpan: number; styles: { fontStyle: string; fillColor: number[]; textColor: number[]; }; }[]' is not assignable to type 'RowInput'.
    Type '{ content: string; colSpan: number; styles: { fontStyle: string; fillColor: number[]; textColor: number[]; }; }[]' is not assignable to type 'CellInput[]'.
      Type '{ content: string; colSpan: number; styles: { fontStyle: string; fillColor: number[]; textColor: number[]; }; }' is not assignable to type 'CellInput'.
        Type '{ content: string; colSpan: number; styles: { fontStyle: string; fillColor: number[]; textColor: number[]; }; }' is not assignable to type 'CellDef'.
          The types of 'styles.fontStyle' are incompatible between these types.
            Type 'string' is not assignable to type 'FontStyle | undefined'.
src/app/teams/reports/page.tsx(228,39): error TS2322: Type 'number[]' is not assignable to type 'Color | undefined'.
  Type 'number[]' is not assignable to type '[number, number, number]'.
    Target requires 3 element(s) but source may have fewer.
src/app/teams/reports/page.tsx(249,21): error TS2322: Type '{ content: string; colSpan: number; styles: { fontStyle: string; fillColor: number[]; textColor: number[]; }; }[][]' is not assignable to type 'RowInput[]'.
  Type '{ content: string; colSpan: number; styles: { fontStyle: string; fillColor: number[]; textColor: number[]; }; }[]' is not assignable to type 'RowInput'.
    Type '{ content: string; colSpan: number; styles: { fontStyle: string; fillColor: number[]; textColor: number[]; }; }[]' is not assignable to type 'CellInput[]'.
      Type '{ content: string; colSpan: number; styles: { fontStyle: string; fillColor: number[]; textColor: number[]; }; }' is not assignable to type 'CellInput'.
        Type '{ content: string; colSpan: number; styles: { fontStyle: string; fillColor: number[]; textColor: number[]; }; }' is not assignable to type 'CellDef'.
          The types of 'styles.fontStyle' are incompatible between these types.
            Type 'string' is not assignable to type 'FontStyle | undefined'.
src/app/teams/reports/page.tsx(258,62): error TS18048: 'p' is possibly 'undefined'.
src/app/teams/reports/page.tsx(258,70): error TS18048: 'p' is possibly 'undefined'.
src/app/teams/reports/page.tsx(261,40): error TS2322: Type 'number[]' is not assignable to type 'Color | undefined'.
  Type 'number[]' is not assignable to type '[number, number, number]'.
    Target requires 3 element(s) but source may have fewer.
src/app/teams/reports/page.tsx(416,44): error TS18048: 'participant' is possibly 'undefined'.
src/app/teams/reports/page.tsx(417,45): error TS18048: 'participant' is possibly 'undefined'.
src/app/teams/reports/page.tsx(418,45): error TS18048: 'participant' is possibly 'undefined'.
src/components/scratch-card.tsx(55,24): error TS7006: Parameter 'x' implicitly has an 'any' type.
src/components/scratch-card.tsx(55,27): error TS7006: Parameter 'y' implicitly has an 'any' type.
src/components/scratch-card.tsx(65,20): error TS7006: Parameter 'ctx' implicitly has an 'any' type.
src/components/scratch-card.tsx(65,25): error TS7006: Parameter 'x' implicitly has an 'any' type.
src/components/scratch-card.tsx(65,28): error TS7006: Parameter 'y' implicitly has an 'any' type.
src/components/scratch-card.tsx(96,28): error TS7006: Parameter 'e' implicitly has an 'any' type.
src/components/scratch-card.tsx(109,28): error TS7006: Parameter 'e' implicitly has an 'any' type.
